[12:36:21] [Server thread/INFO]: Starting minecraft server version 1.7.10
[12:39:46] [Server thread/INFO]: Loading properties
[12:39:47] [Server thread/INFO]: Default game type: SURVIVAL
[12:39:47] [Server thread/INFO]: Generating keypair
[12:39:48] [Server thread/INFO]: Starting Minecraft server on *:25565
[12:43:45] [Server thread/WARN]: Failed to load user banlist: 
java.io.FileNotFoundException: banned-players.json (The system cannot find the file specified)
	at java.io.FileInputStream.open0(Native Method) ~[?:1.8.0_111]
	at java.io.FileInputStream.open(Unknown Source) ~[?:1.8.0_111]
	at java.io.FileInputStream.<init>(Unknown Source) ~[?:1.8.0_111]
	at com.google.common.io.Files.newReader(Files.java:86) ~[guava-17.0.jar:?]
	at net.minecraft.server.management.UserList.func_152679_g(SourceFile:124) ~[om.class:?]
	at net.minecraft.server.dedicated.DedicatedPlayerList.func_152620_y(SourceFile:99) [ls.class:?]
	at net.minecraft.server.dedicated.DedicatedPlayerList.<init>(SourceFile:25) [ls.class:?]
	at net.minecraft.server.dedicated.DedicatedServer.func_71197_b(DedicatedServer.java:211) [lt.class:?]
	at net.minecraft.server.MinecraftServer.run(MinecraftServer.java:387) [MinecraftServer.class:?]
	at net.minecraft.server.MinecraftServer$2.run(MinecraftServer.java:685) [li.class:?]
[12:43:45] [Server thread/WARN]: Failed to load ip banlist: 
java.io.FileNotFoundException: banned-ips.json (The system cannot find the file specified)
	at java.io.FileInputStream.open0(Native Method) ~[?:1.8.0_111]
	at java.io.FileInputStream.open(Unknown Source) ~[?:1.8.0_111]
	at java.io.FileInputStream.<init>(Unknown Source) ~[?:1.8.0_111]
	at com.google.common.io.Files.newReader(Files.java:86) ~[guava-17.0.jar:?]
	at net.minecraft.server.management.UserList.func_152679_g(SourceFile:124) ~[om.class:?]
	at net.minecraft.server.dedicated.DedicatedPlayerList.func_152619_x(SourceFile:91) [ls.class:?]
	at net.minecraft.server.dedicated.DedicatedPlayerList.<init>(SourceFile:27) [ls.class:?]
	at net.minecraft.server.dedicated.DedicatedServer.func_71197_b(DedicatedServer.java:211) [lt.class:?]
	at net.minecraft.server.MinecraftServer.run(MinecraftServer.java:387) [MinecraftServer.class:?]
	at net.minecraft.server.MinecraftServer$2.run(MinecraftServer.java:685) [li.class:?]
[12:43:45] [Server thread/WARN]: Failed to load operators list: 
java.io.FileNotFoundException: ops.json (The system cannot find the file specified)
	at java.io.FileInputStream.open0(Native Method) ~[?:1.8.0_111]
	at java.io.FileInputStream.open(Unknown Source) ~[?:1.8.0_111]
	at java.io.FileInputStream.<init>(Unknown Source) ~[?:1.8.0_111]
	at com.google.common.io.Files.newReader(Files.java:86) ~[guava-17.0.jar:?]
	at net.minecraft.server.management.UserList.func_152679_g(SourceFile:124) ~[om.class:?]
	at net.minecraft.server.dedicated.DedicatedPlayerList.func_72417_t(SourceFile:107) [ls.class:?]
	at net.minecraft.server.dedicated.DedicatedPlayerList.<init>(SourceFile:29) [ls.class:?]
	at net.minecraft.server.dedicated.DedicatedServer.func_71197_b(DedicatedServer.java:211) [lt.class:?]
	at net.minecraft.server.MinecraftServer.run(MinecraftServer.java:387) [MinecraftServer.class:?]
	at net.minecraft.server.MinecraftServer$2.run(MinecraftServer.java:685) [li.class:?]
[12:43:45] [Server thread/WARN]: Failed to load white-list: 
java.io.FileNotFoundException: whitelist.json (The system cannot find the file specified)
	at java.io.FileInputStream.open0(Native Method) ~[?:1.8.0_111]
	at java.io.FileInputStream.open(Unknown Source) ~[?:1.8.0_111]
	at java.io.FileInputStream.<init>(Unknown Source) ~[?:1.8.0_111]
	at com.google.common.io.Files.newReader(Files.java:86) ~[guava-17.0.jar:?]
	at net.minecraft.server.management.UserList.func_152679_g(SourceFile:124) ~[om.class:?]
	at net.minecraft.server.dedicated.DedicatedPlayerList.func_72418_v(SourceFile:123) [ls.class:?]
	at net.minecraft.server.dedicated.DedicatedPlayerList.<init>(SourceFile:30) [ls.class:?]
	at net.minecraft.server.dedicated.DedicatedServer.func_71197_b(DedicatedServer.java:211) [lt.class:?]
	at net.minecraft.server.MinecraftServer.run(MinecraftServer.java:387) [MinecraftServer.class:?]
	at net.minecraft.server.MinecraftServer$2.run(MinecraftServer.java:685) [li.class:?]
[12:43:45] [Server thread/INFO]: Preparing level "world"
[12:43:49] [Server thread/WARN]: Unable to find spawn biome
[12:43:52] [Server thread/INFO]: Preparing start region for level 0
[12:43:54] [Server thread/INFO]: Preparing spawn area: 4%
[12:43:55] [Server thread/INFO]: Preparing spawn area: 4%
[12:43:57] [Server thread/INFO]: Preparing spawn area: 6%
[12:43:58] [Server thread/INFO]: Preparing spawn area: 8%
[12:43:59] [Server thread/INFO]: Preparing spawn area: 10%
[12:44:01] [Server thread/INFO]: Preparing spawn area: 11%
[12:44:02] [Server thread/INFO]: Preparing spawn area: 16%
[12:44:03] [Server thread/INFO]: Preparing spawn area: 20%
[12:44:04] [Server thread/INFO]: Preparing spawn area: 27%
[12:44:05] [Server thread/INFO]: Preparing spawn area: 30%
[12:44:06] [Server thread/INFO]: Preparing spawn area: 37%
[12:44:07] [Server thread/INFO]: Preparing spawn area: 45%
[12:44:08] [Server thread/INFO]: Preparing spawn area: 53%
[12:44:09] [Server thread/INFO]: Preparing spawn area: 59%
[12:44:10] [Server thread/INFO]: Preparing spawn area: 67%
[12:44:11] [Server thread/INFO]: Preparing spawn area: 73%
[12:44:12] [Server thread/INFO]: Preparing spawn area: 78%
[12:44:13] [Server thread/INFO]: Preparing spawn area: 82%
[12:44:14] [Server thread/INFO]: Preparing spawn area: 87%
[12:44:15] [Server thread/INFO]: Preparing spawn area: 91%
[12:44:16] [Server thread/INFO]: Preparing spawn area: 97%
[12:44:17] [Server thread/INFO]: Done (32.556s)! For help, type "help" or "?"
[12:46:11] [User Authenticator #1/INFO]: UUID of player C137RickSanchez is e45a5fde-365d-4e93-acaa-0731f5e5fc1e
[12:46:13] [Server thread/INFO]: C137RickSanchez[/192.168.1.1:57386] logged in with entity id 6188 at (826.5, 69.0, 389.5)
[12:46:13] [Server thread/INFO]: C137RickSanchez joined the game
[12:46:15] [Server thread/INFO]: C137RickSanchez has just earned the achievement [You've been installed!]
[12:47:32] [Server thread/INFO]: C137RickSanchez lost connection: TextComponent{text='Disconnected', siblings=[], style=Style{hasParent=false, color=null, bold=null, italic=null, underlined=null, obfuscated=null, clickEvent=null, hoverEvent=null}}
[12:47:32] [Server thread/INFO]: C137RickSanchez left the game
[12:47:44] [User Authenticator #2/INFO]: UUID of player C137RickSanchez is e45a5fde-365d-4e93-acaa-0731f5e5fc1e
[12:47:44] [Server thread/INFO]: C137RickSanchez[/192.168.1.1:57403] logged in with entity id 8929 at (813.0317563089595, 64.0, 401.73041246936197)
[12:47:44] [Server thread/INFO]: C137RickSanchez joined the game
[12:48:40] [Server thread/INFO]: C137RickSanchez has just earned the achievement [Taking Inventory]
[12:49:03] [Server thread/INFO]: /op <player>
[12:49:11] [Server thread/INFO]: Opped c137RickSanchez
[12:49:15] [Server thread/INFO]: [C137RickSanchez: Given [Apple] * 64 to C137RickSanchez]
[12:51:10] [Server thread/INFO]: [C137RickSanchez: Given [item.g3.name] * 1 to C137RickSanchez]
[12:52:26] [User Authenticator #3/INFO]: UUID of player Foss is 16988b0a-0e1f-467e-979f-1de87c6a6ab4
[12:52:27] [Server thread/INFO]: Foss[/107.142.242.252:61279] logged in with entity id 15646 at (816.5, 65.0, 382.5)
[12:52:27] [Server thread/INFO]: Foss joined the game
[12:52:28] [Server thread/INFO]: Foss has just earned the achievement [You've been installed!]
[12:53:25] [Server thread/INFO]: Foss has just earned the achievement [Taking Inventory]
[12:54:29] [Server thread/INFO]: Opped forn
[12:54:29] [Server thread/INFO]: Opped foss
[12:54:29] [Server thread/INFO]: [C137RickSanchez: Opped foss]
[12:54:33] [Server thread/INFO]: [Foss: Set own game mode to Creative Mode]
[12:54:42] [Server thread/INFO]: [Foss: Set own game mode to Survival Mode]
[12:55:11] [Server thread/INFO]: [Foss: Given [Nuke] * 64 to Foss]
[12:55:20] [Server thread/INFO]: [Foss: Given [Flint and Steel] * 1 to Foss]
[12:55:32] [Server thread/INFO]: [Foss: Set own game mode to Creative Mode]
[12:56:37] [Server thread/INFO]: [Foss: Set own game mode to Survival Mode]
[12:56:42] [Server thread/INFO]: [Foss: Given [Launcher Platform T3] * 64 to Foss]
[12:56:42] [Server thread/INFO]: [Foss: Given [Launcher Control Panel T3] * 64 to Foss]
[12:56:43] [Server thread/INFO]: [Foss: Given [Launcher Support Frame T3] * 64 to Foss]
[12:57:46] [Server thread/INFO]: [Foss: Given [Nuclear Cluster Missile] * 1 to Foss]
[12:58:17] [Server thread/INFO]: [Foss: Given [Laser Designator] * 1 to Foss]
[12:58:38] [Server thread/INFO]: [Foss: Given [Vibrant Capacitor Bank] * 64 to Foss]
[12:58:53] [Server thread/INFO]: [Foss: Given [Ultimate Universal Cable] * 64 to Foss]
[12:59:37] [Server thread/INFO]: [Foss: Set own game mode to Creative Mode]
[13:03:08] [Server thread/INFO]: C137RickSanchez was slain by Zombie
[13:08:03] [Server thread/INFO]: Foss lost connection: TranslatableComponent{key='disconnect.genericReason', args=[Internal Exception: java.io.IOException: An existing connection was forcibly closed by the remote host], siblings=[], style=Style{hasParent=false, color=null, bold=null, italic=null, underlined=null, obfuscated=null, clickEvent=null, hoverEvent=null}}
[13:08:03] [Server thread/INFO]: Foss left the game
[13:14:29] [AromaBackup/INFO]: [§1AromaBackup§r] Starting Backup. The server may lag for a bit!
[13:14:34] [AromaBackup/INFO]: [§1AromaBackup§r] Server Backup done!
[13:14:34] [AromaBackup/INFO]: [§1AromaBackup§r] Next scheduled Backup in 30 minutes.
[13:25:19] [Server thread/INFO]: C137RickSanchez lost connection: TranslatableComponent{key='disconnect.genericReason', args=[Internal Exception: java.io.IOException: An existing connection was forcibly closed by the remote host], siblings=[], style=Style{hasParent=false, color=null, bold=null, italic=null, underlined=null, obfuscated=null, clickEvent=null, hoverEvent=null}}
[13:25:19] [Server thread/INFO]: C137RickSanchez left the game
[13:25:27] [Server thread/INFO]: Unknown command. Try /help for a list of commands
[13:25:28] [Server thread/INFO]: --- Showing help page 1 of 26 (/help <page>) ---
[13:25:28] [Server thread/INFO]: /#biomedict <get|list> id (get: Biome ID, list: Biome Type ID)
[13:25:28] [Server thread/INFO]: /#cancel
[13:25:28] [Server thread/INFO]: /#confirm
[13:25:28] [Server thread/INFO]: /#copy
[13:25:28] [Server thread/INFO]: /#crop
[13:25:28] [Server thread/INFO]: /#dimensiondict <get|list> id (get: Dimension ID, list: Dimension Type ID)
[13:25:28] [Server thread/INFO]: /#duplicate <x> <y> <z> [clockwise-rotations] [mirror x:true|false]
[13:25:29] [Server thread/INFO]: Unknown command. Try /help for a list of commands
[13:25:30] [Server thread/INFO]: Unknown command. Try /help for a list of commands
[13:25:31] [Server thread/INFO]: Unknown command. Try /help for a list of commands
